<?xml version="1.0" encoding="UTF-8"?>
<!-- Generated by org.testng.reporters.JUnitReportReporter -->
<testsuite hostname="DESKTOP-Q2RM1HI" failures="0" tests="4" name="crossBrowserExample.CrossBrowserScript" time="-1640622976.000" errors="1" timestamp="2021-12-27T22:05:54 IST" skipped="1">
  <testcase classname="crossBrowserExample.CrossBrowserScript" name="setup" time="-1640622976.000">
    <error message="
Parameter &#039;browser&#039; is required by BeforeTest on method setup but has not been marked @Optional or defined
in C:\Users\admin\eclipse-workspace\com.org.lti.banking\testngcrossBrowser.xml" type="org.testng.TestNGException">
      <![CDATA[org.testng.TestNGException: 
Parameter 'browser' is required by BeforeTest on method setup but has not been marked @Optional or defined
in C:\Users\admin\eclipse-workspace\com.org.lti.banking\testngcrossBrowser.xml
at org.testng.internal.Parameters.createParams(Parameters.java:289)
at org.testng.internal.Parameters.createParametersForMethod(Parameters.java:377)
at org.testng.internal.Parameters.createParameters(Parameters.java:698)
at org.testng.internal.Parameters.createConfigurationParameters(Parameters.java:164)
at org.testng.internal.ConfigInvoker.invokeConfigurations(ConfigInvoker.java:275)
at org.testng.TestRunner.invokeTestConfigurations(TestRunner.java:626)
at org.testng.TestRunner.beforeRun(TestRunner.java:616)
at org.testng.TestRunner.run(TestRunner.java:587)
at org.testng.SuiteRunner.runTest(SuiteRunner.java:398)
at org.testng.SuiteRunner.access$000(SuiteRunner.java:41)
at org.testng.SuiteRunner$SuiteWorker.run(SuiteRunner.java:437)
at org.testng.internal.thread.ThreadUtil.lambda$execute$0(ThreadUtil.java:67)
at java.base/java.util.concurrent.FutureTask.run(FutureTask.java:264)
at java.base/java.util.concurrent.ThreadPoolExecutor.runWorker(ThreadPoolExecutor.java:1136)
at java.base/java.util.concurrent.ThreadPoolExecutor$Worker.run(ThreadPoolExecutor.java:635)
at java.base/java.lang.Thread.run(Thread.java:833)
]]>
    </error>
  </testcase> <!-- setup -->
  <testcase classname="crossBrowserExample.CrossBrowserScript" name="verifyOrgangeHRMLoginTest" time="0.000">
    <skipped/>
  </testcase> <!-- verifyOrgangeHRMLoginTest -->
  <testcase classname="crossBrowserExample.CrossBrowserScript" name="verifyOrgangeHRMLoginTest" time="10.969"/>
  <testcase classname="crossBrowserExample.CrossBrowserScript" name="verifyOrgangeHRMLoginTest" time="10.903"/>
</testsuite> <!-- crossBrowserExample.CrossBrowserScript -->
